<?xml version="1.0" encoding="UTF-8"?>
<!-- Generated by org.testng.reporters.JUnitReportReporter -->
<testsuite skipped="0" hostname="chetan-PC" name="com.test.testcases.CustomerPageTest" tests="2" failures="0" timestamp="29 Dec 2018 16:04:59 GMT" time="41.235" errors="0">
  <testcase name="dropDownCustomerPage" time="22.010" classname="com.test.testcases.CustomerPageTest"/>
  <testcase name="backBtnTest" time="19.225" classname="com.test.testcases.CustomerPageTest"/>
</testsuite> <!-- com.test.testcases.CustomerPageTest -->
