<?xml version="1.0" encoding="UTF-8"?>
<!-- Generated by org.testng.reporters.JUnitReportReporter -->
<testsuite skipped="0" hostname="chetan-PC" name="com.test.testcases.HomePageTest" tests="5" failures="0" timestamp="28 Dec 2018 16:33:17 GMT" time="127.925" errors="0">
  <testcase name="verifyHomePageTitleTest" time="25.528" classname="com.test.testcases.HomePageTest"/>
  <testcase name="verifyPurchaseLinkTest" time="29.257" classname="com.test.testcases.HomePageTest"/>
  <testcase name="verifytestAndInventoryTest" time="23.460" classname="com.test.testcases.HomePageTest"/>
  <testcase name="verifyManufacturingLinkTest" time="25.915" classname="com.test.testcases.HomePageTest"/>
  <testcase name="verifyFixedAssetLinkLinkTest" time="23.765" classname="com.test.testcases.HomePageTest"/>
</testsuite> <!-- com.test.testcases.HomePageTest -->
