<?xml version="1.0" encoding="UTF-8"?>
<!-- Generated by org.testng.reporters.JUnitReportReporter -->
<testsuite skipped="0" hostname="chetan-PC" name="com.test.testcases.SalesQuotationEntryPageTest" tests="9" failures="0" timestamp="30 Dec 2018 13:51:48 GMT" time="1.508" errors="0">
  <testcase name="dropDownCustomerPage" time="0.201" classname="com.test.testcases.SalesQuotationEntryPageTest"/>
  <testcase name="dropDownCustomerPageCalender" time="0.244" classname="com.test.testcases.SalesQuotationEntryPageTest"/>
  <testcase name="dropDown_Branch" time="0.159" classname="com.test.testcases.SalesQuotationEntryPageTest"/>
  <testcase name="dropDown_Select_Item" time="0.182" classname="com.test.testcases.SalesQuotationEntryPageTest"/>
  <testcase name="select_Itemtest" time="0.105" classname="com.test.testcases.SalesQuotationEntryPageTest"/>
  <testcase name="enter_Price_After_Tax_Test" time="0.135" classname="com.test.testcases.SalesQuotationEntryPageTest"/>
  <testcase name="verify_btn_AddItem" time="0.128" classname="com.test.testcases.SalesQuotationEntryPageTest"/>
  <testcase name="dropDown_select_LoactionTest" time="0.185" classname="com.test.testcases.SalesQuotationEntryPageTest"/>
  <testcase name="verify_btn_Place_Quotation" time="0.169" classname="com.test.testcases.SalesQuotationEntryPageTest"/>
</testsuite> <!-- com.test.testcases.SalesQuotationEntryPageTest -->
