<?xml version="1.0" encoding="UTF-8"?>
<!-- Generated by org.testng.reporters.JUnitReportReporter -->
<testsuite skipped="0" hostname="chetan-PC" name="com.test.testcases.SalesPersonsPageTest" tests="4" failures="0" timestamp="29 Dec 2018 12:12:18 GMT" time="87.007" errors="0">
  <testcase name="verifySalesPersonsTittle" time="25.242" classname="com.test.testcases.SalesPersonsPageTest"/>
  <testcase name="salesPersonsPageData" time="19.936" classname="com.test.testcases.SalesPersonsPageTest"/>
  <testcase name="salesPersonsPageData" time="23.121" classname="com.test.testcases.SalesPersonsPageTest"/>
  <testcase name="backBtnTest" time="18.708" classname="com.test.testcases.SalesPersonsPageTest"/>
</testsuite> <!-- com.test.testcases.SalesPersonsPageTest -->
