<?xml version="1.0" encoding="UTF-8"?>
<!-- Generated by org.testng.reporters.JUnitReportReporter -->
<testsuite skipped="0" hostname="chetan-PC" name="com.test.testcases.SalesTypesPageTest" tests="5" failures="0" timestamp="28 Dec 2018 13:24:38 GMT" time="50.224" errors="0">
  <testcase name="verifySalesTypesTittle" time="12.999" classname="com.test.testcases.SalesTypesPageTest"/>
  <testcase name="salesTypesPageData" time="8.780" classname="com.test.testcases.SalesTypesPageTest"/>
  <testcase name="salesTypesPageData" time="9.773" classname="com.test.testcases.SalesTypesPageTest"/>
  <testcase name="salesTypesPageData" time="8.819" classname="com.test.testcases.SalesTypesPageTest"/>
  <testcase name="salesTypesPageData" time="9.853" classname="com.test.testcases.SalesTypesPageTest"/>
</testsuite> <!-- com.test.testcases.SalesTypesPageTest -->
