<?xml version="1.0" encoding="UTF-8"?>
<!-- Generated by org.testng.reporters.JUnitReportReporter -->
<testsuite skipped="0" hostname="chetan-PC" name="com.test.testcases.HomePageTest" tests="1" failures="0" timestamp="30 Dec 2018 15:37:34 GMT" time="22.797" errors="0">
  <testcase name="verifyHomePageTitleTest" time="22.797" classname="com.test.testcases.HomePageTest"/>
</testsuite> <!-- com.test.testcases.HomePageTest -->
