<?xml version="1.0" encoding="UTF-8"?>
<!-- Generated by org.testng.reporters.JUnitReportReporter -->
<testsuite skipped="0" hostname="chetan-PC" name="com.test.testcases.LoginPageTest" tests="1" failures="0" timestamp="28 Dec 2018 10:51:29 GMT" time="21.915" errors="0">
  <testcase name="loginTitleTest" time="21.915" classname="com.test.testcases.LoginPageTest"/>
</testsuite> <!-- com.test.testcases.LoginPageTest -->
