<?xml version="1.0" encoding="UTF-8"?>
<!-- Generated by org.testng.reporters.JUnitReportReporter -->
<testsuite skipped="0" hostname="chetan-PC" name="com.test.testcases.HomePageTest" tests="6" failures="0" timestamp="28 Dec 2018 04:47:01 GMT" time="149.032" errors="0">
  <testcase name="verifyHomePageTitleTest" time="23.118" classname="com.test.testcases.HomePageTest"/>
  <testcase name="verifyPurchaseLinkTest" time="23.924" classname="com.test.testcases.HomePageTest"/>
  <testcase name="verifytestAndInventoryTest" time="28.231" classname="com.test.testcases.HomePageTest"/>
  <testcase name="verifyManufacturingLinkTest" time="25.047" classname="com.test.testcases.HomePageTest"/>
  <testcase name="verifyFixedAssetLinkLinkTest" time="23.744" classname="com.test.testcases.HomePageTest"/>
  <testcase name="salesTypeLinkTest" time="24.968" classname="com.test.testcases.HomePageTest"/>
</testsuite> <!-- com.test.testcases.HomePageTest -->
