<?xml version="1.0" encoding="UTF-8"?>
<!-- Generated by org.testng.reporters.JUnitReportReporter -->
<testsuite skipped="0" hostname="chetan-PC" name="com.test.testcases.HomePageTest" tests="6" failures="0" timestamp="29 Dec 2018 16:32:09 GMT" time="155.659" errors="0">
  <testcase name="verifyHomePageTitleTest" time="23.453" classname="com.test.testcases.HomePageTest"/>
  <testcase name="verifyPurchaseLinkTest" time="29.824" classname="com.test.testcases.HomePageTest"/>
  <testcase name="verifytestAndInventoryTest" time="25.339" classname="com.test.testcases.HomePageTest"/>
  <testcase name="verifyManufacturingLinkTest" time="23.880" classname="com.test.testcases.HomePageTest"/>
  <testcase name="verifyFixedAssetLinkLinkTest" time="23.627" classname="com.test.testcases.HomePageTest"/>
  <testcase name="clickOnSalesQuotationEntryPage" time="29.536" classname="com.test.testcases.HomePageTest"/>
</testsuite> <!-- com.test.testcases.HomePageTest -->
