<?xml version="1.0" encoding="UTF-8"?>
<!-- Generated by org.testng.reporters.JUnitReportReporter -->
<testsuite hostname="chetan-PC" name="com.test.testcases.HomePageTest" tests="6" failures="0" timestamp="2 Jan 2019 07:29:16 GMT" time="158.022" errors="0">
  <testcase name="verifyHomePageTitleTest" time="31.433" classname="com.test.testcases.HomePageTest"/>
  <testcase name="verifyManufacturingLinkTest" time="29.067" classname="com.test.testcases.HomePageTest"/>
  <testcase name="verifytestAndInventoryTest" time="25.901" classname="com.test.testcases.HomePageTest"/>
  <testcase name="clickOnSalesQuotationEntryPage" time="24.324" classname="com.test.testcases.HomePageTest"/>
  <testcase name="verifyFixedAssetLinkLinkTest" time="23.958" classname="com.test.testcases.HomePageTest"/>
  <testcase name="verifyPurchaseLinkTest" time="23.339" classname="com.test.testcases.HomePageTest"/>
</testsuite> <!-- com.test.testcases.HomePageTest -->
