<?xml version="1.0" encoding="UTF-8"?>
<!-- Generated by org.testng.reporters.JUnitReportReporter -->
<testsuite skipped="0" hostname="chetan-PC" name="com.test.testcases.SalesTypesPageTest" tests="1" failures="0" timestamp="28 Dec 2018 05:27:37 GMT" time="26.593" errors="0">
  <testcase name="verifySalesTypesTittle" time="26.593" classname="com.test.testcases.SalesTypesPageTest"/>
</testsuite> <!-- com.test.testcases.SalesTypesPageTest -->
