<?xml version="1.0" encoding="UTF-8"?>
<!-- Generated by org.testng.reporters.JUnitReportReporter -->
<testsuite skipped="0" hostname="chetan-PC" name="com.test.testcases.LoginPageTest" tests="4" failures="0" timestamp="28 Dec 2018 04:28:00 GMT" time="153.155" errors="0">
  <testcase name="loginTitleTest" time="53.210" classname="com.test.testcases.LoginPageTest"/>
  <testcase name="frontAccountinglogotest" time="31.684" classname="com.test.testcases.LoginPageTest"/>
  <testcase name="dropDownTest" time="29.778" classname="com.test.testcases.LoginPageTest"/>
  <testcase name="loginPageDataTest" time="38.483" classname="com.test.testcases.LoginPageTest"/>
</testsuite> <!-- com.test.testcases.LoginPageTest -->
