<?xml version="1.0" encoding="UTF-8"?>
<!-- Generated by org.testng.reporters.JUnitReportReporter -->
<testsuite skipped="0" hostname="chetan-PC" name="com.test.testcases.LoginPageTest" tests="1" failures="0" timestamp="30 Dec 2018 15:37:34 GMT" time="28.795" errors="0">
  <testcase name="loginTitleTest" time="28.795" classname="com.test.testcases.LoginPageTest"/>
</testsuite> <!-- com.test.testcases.LoginPageTest -->
